<?xml version="1.0" encoding="UTF-8"?>
<testsuite xmlns:xsi="http://www.w3.org/2001/XMLSchema-instance" xsi:noNamespaceSchemaLocation="https://maven.apache.org/surefire/maven-surefire-plugin/xsd/surefire-test-report-3.0.xsd" version="3.0" name="com.group78.financetracker.service.BillServiceTest" time="0.398" tests="4" errors="0" skipped="0" failures="0">
  <properties>
[...]
</properties>
  <testcase name="testGetUpcomingBills" classname="com.group78.financetracker.service.BillServiceTest" time="0.326">
    <system-err><![CDATA[2025-05-24 15:27:37:710 +0800 [main] INFO BillService - Loaded 72 bills from CSV file
2025-05-24 15:27:37:723 +0800 [main] INFO BillService - Saved 73 bills to CSV file
2025-05-24 15:27:37:862 +0800 [main] INFO BillService - Saved bills to JSON file
2025-05-24 15:27:37:864 +0800 [main] INFO BillService - Saved 74 bills to CSV file
2025-05-24 15:27:37:884 +0800 [main] INFO BillService - Saved bills to JSON file
]]></system-err>
  </testcase>
  <testcase name="testAddBill" classname="com.group78.financetracker.service.BillServiceTest" time="0.022">
    <system-err><![CDATA[2025-05-24 15:27:37:902 +0800 [main] INFO BillService - Loaded 74 bills from CSV file
2025-05-24 15:27:37:905 +0800 [main] INFO BillService - Saved 75 bills to CSV file
2025-05-24 15:27:37:913 +0800 [main] INFO BillService - Saved bills to JSON file
]]></system-err>
  </testcase>
  <testcase name="testUpdateBill" classname="com.group78.financetracker.service.BillServiceTest" time="0.021">
    <system-err><![CDATA[2025-05-24 15:27:37:922 +0800 [main] INFO BillService - Loaded 75 bills from CSV file
2025-05-24 15:27:37:926 +0800 [main] INFO BillService - Saved 76 bills to CSV file
2025-05-24 15:27:37:933 +0800 [main] INFO BillService - Saved bills to JSON file
2025-05-24 15:27:37:935 +0800 [main] INFO BillService - Saved 76 bills to CSV file
2025-05-24 15:27:37:938 +0800 [main] INFO BillService - Saved bills to JSON file
]]></system-err>
  </testcase>
  <testcase name="testDeleteBill" classname="com.group78.financetracker.service.BillServiceTest" time="0.025">
    <system-err><![CDATA[2025-05-24 15:27:37:943 +0800 [main] INFO BillService - Loaded 76 bills from CSV file
2025-05-24 15:27:37:948 +0800 [main] INFO BillService - Saved 77 bills to CSV file
2025-05-24 15:27:37:955 +0800 [main] INFO BillService - Saved bills to JSON file
2025-05-24 15:27:37:960 +0800 [main] INFO BillService - Saved 76 bills to CSV file
2025-05-24 15:27:37:963 +0800 [main] INFO BillService - Saved bills to JSON file
]]></system-err>
  </testcase>
</testsuite>