<?xml version="1.0" encoding="UTF-8"?>
<testsuite xmlns:xsi="http://www.w3.org/2001/XMLSchema-instance" xsi:noNamespaceSchemaLocation="https://maven.apache.org/surefire/maven-surefire-plugin/xsd/surefire-test-report-3.0.xsd" version="3.0" name="com.group78.financetracker.service.BudgetServiceTest" time="0.028" tests="3" errors="0" skipped="0" failures="0">
  <properties>
[...]
</properties>
  <testcase name="testUpdateTotalBudget" classname="com.group78.financetracker.service.BudgetServiceTest" time="0.011">
    <system-err><![CDATA[2025-05-20 18:33:10:578 +0800 [main] INFO ImportService - Loading default transactions from: data/default_transactions.csv
2025-05-20 18:33:10:580 +0800 [main] INFO ImportService - Default transactions file exists, loading...
2025-05-20 18:33:10:586 +0800 [main] INFO ImportService - Saved 85 transactions to default file
2025-05-20 18:33:10:586 +0800 [main] INFO ImportService - Loaded 85 default transactions
2025-05-20 18:33:10:586 +0800 [main] DEBUG ImportService - Sample transaction: Grocery Shopping at Walmart - 258.35 - 2025-03-01
2025-05-20 18:33:10:586 +0800 [main] DEBUG ImportService - Sample transaction: Electricity Bill - 125.50 - 2025-03-02
2025-05-20 18:33:10:586 +0800 [main] DEBUG ImportService - Sample transaction: Lunch at KFC - 45.00 - 2025-03-03
2025-05-20 18:33:10:586 +0800 [main] DEBUG ImportService - Sample transaction: Monthly Rent - 3500.00 - 2025-03-05
2025-05-20 18:33:10:586 +0800 [main] DEBUG ImportService - Sample transaction: Mobile Phone Bill - 98.00 - 2025-03-07
2025-05-20 18:33:10:586 +0800 [main] INFO DashboardService - Updating total budget: amount=5000, period=2025-05-20 to 2025-06-20
]]></system-err>
  </testcase>
  <testcase name="testCalculateBalance" classname="com.group78.financetracker.service.BudgetServiceTest" time="0.006">
    <system-err><![CDATA[2025-05-20 18:33:10:588 +0800 [main] INFO ImportService - Loading default transactions from: data/default_transactions.csv
2025-05-20 18:33:10:588 +0800 [main] INFO ImportService - Default transactions file exists, loading...
2025-05-20 18:33:10:591 +0800 [main] INFO ImportService - Saved 85 transactions to default file
2025-05-20 18:33:10:591 +0800 [main] INFO ImportService - Loaded 85 default transactions
2025-05-20 18:33:10:591 +0800 [main] DEBUG ImportService - Sample transaction: Grocery Shopping at Walmart - 258.35 - 2025-03-01
2025-05-20 18:33:10:591 +0800 [main] DEBUG ImportService - Sample transaction: Electricity Bill - 125.50 - 2025-03-02
2025-05-20 18:33:10:591 +0800 [main] DEBUG ImportService - Sample transaction: Lunch at KFC - 45.00 - 2025-03-03
2025-05-20 18:33:10:591 +0800 [main] DEBUG ImportService - Sample transaction: Monthly Rent - 3500.00 - 2025-03-05
2025-05-20 18:33:10:591 +0800 [main] DEBUG ImportService - Sample transaction: Mobile Phone Bill - 98.00 - 2025-03-07
]]></system-err>
  </testcase>
  <testcase name="testDefaultBudgetValues" classname="com.group78.financetracker.service.BudgetServiceTest" time="0.008">
    <system-err><![CDATA[2025-05-20 18:33:10:596 +0800 [main] INFO ImportService - Loading default transactions from: data/default_transactions.csv
2025-05-20 18:33:10:596 +0800 [main] INFO ImportService - Default transactions file exists, loading...
2025-05-20 18:33:10:599 +0800 [main] INFO ImportService - Saved 85 transactions to default file
2025-05-20 18:33:10:599 +0800 [main] INFO ImportService - Loaded 85 default transactions
2025-05-20 18:33:10:599 +0800 [main] DEBUG ImportService - Sample transaction: Grocery Shopping at Walmart - 258.35 - 2025-03-01
2025-05-20 18:33:10:599 +0800 [main] DEBUG ImportService - Sample transaction: Electricity Bill - 125.50 - 2025-03-02
2025-05-20 18:33:10:599 +0800 [main] DEBUG ImportService - Sample transaction: Lunch at KFC - 45.00 - 2025-03-03
2025-05-20 18:33:10:599 +0800 [main] DEBUG ImportService - Sample transaction: Monthly Rent - 3500.00 - 2025-03-05
2025-05-20 18:33:10:599 +0800 [main] DEBUG ImportService - Sample transaction: Mobile Phone Bill - 98.00 - 2025-03-07
2025-05-20 18:33:10:599 +0800 [main] INFO ImportService - Loading default transactions from: data/default_transactions.csv
2025-05-20 18:33:10:599 +0800 [main] INFO ImportService - Default transactions file exists, loading...
2025-05-20 18:33:10:602 +0800 [main] INFO ImportService - Saved 85 transactions to default file
2025-05-20 18:33:10:602 +0800 [main] INFO ImportService - Loaded 85 default transactions
2025-05-20 18:33:10:602 +0800 [main] DEBUG ImportService - Sample transaction: Grocery Shopping at Walmart - 258.35 - 2025-03-01
2025-05-20 18:33:10:602 +0800 [main] DEBUG ImportService - Sample transaction: Electricity Bill - 125.50 - 2025-03-02
2025-05-20 18:33:10:602 +0800 [main] DEBUG ImportService - Sample transaction: Lunch at KFC - 45.00 - 2025-03-03
2025-05-20 18:33:10:602 +0800 [main] DEBUG ImportService - Sample transaction: Monthly Rent - 3500.00 - 2025-03-05
2025-05-20 18:33:10:602 +0800 [main] DEBUG ImportService - Sample transaction: Mobile Phone Bill - 98.00 - 2025-03-07
]]></system-err>
  </testcase>
</testsuite>